[ 2019-09-20T10:30:05+08:00 ] 127.0.0.1 /index/index.html
INFO: [ app_init ] --START--
INFO: Run Behavior\BuildLiteBehavior [ RunTime:0.000000s ]
INFO: [ app_init ] --END-- [ RunTime:0.000000s ]
INFO: [ app_begin ] --START--
INFO: Run Behavior\ReadHtmlCacheBehavior [ RunTime:0.000000s ]
INFO: [ app_begin ] --END-- [ RunTime:0.000000s ]
SQL: SHOW COLUMNS FROM `cx_admin_role` [ RunTime:0.0110s ]
SQL: SHOW COLUMNS FROM `cx_admin` [ RunTime:0.0110s ]
SQL: SELECT `admin_avatar` FROM `cx_admin` WHERE `admin_id` = 1 LIMIT 1   [ RunTime:0.0000s ]
SQL: SHOW COLUMNS FROM `cx_menu` [ RunTime:0.0120s ]
SQL: SELECT * FROM `cx_menu` WHERE `type` = 1 AND `status` = 1 ORDER BY sort  [ RunTime:0.0000s ]
INFO: [ view_parse ] --START--
INFO: [ template_filter ] --START--
INFO: Run Behavior\ContentReplaceBehavior [ RunTime:0.000000s ]
INFO: [ template_filter ] --END-- [ RunTime:0.000000s ]
INFO: Run Behavior\ParseTemplateBehavior [ RunTime:0.020000s ]
INFO: [ view_parse ] --END-- [ RunTime:0.020000s ]
INFO: [ view_filter ] --START--
INFO: Run Behavior\WriteHtmlCacheBehavior [ RunTime:0.000000s ]
INFO: [ view_filter ] --END-- [ RunTime:0.000000s ]
INFO: [ app_end ] --START--
INFO: Run Behavior\ShowPageTraceBehavior [ RunTime:0.000000s ]
INFO: [ app_end ] --END-- [ RunTime:0.000000s ]

[ 2019-09-20T10:30:06+08:00 ] 127.0.0.1 /index.php?m=Admin&c=menu&a=index&menu_id=4&
INFO: [ app_init ] --START--
INFO: Run Behavior\BuildLiteBehavior [ RunTime:0.000000s ]
INFO: [ app_init ] --END-- [ RunTime:0.001000s ]
INFO: [ app_begin ] --START--
INFO: Run Behavior\ReadHtmlCacheBehavior [ RunTime:0.000000s ]
INFO: [ app_begin ] --END-- [ RunTime:0.001000s ]
SQL: SHOW COLUMNS FROM `cx_admin_role` [ RunTime:0.0130s ]
SQL: SELECT * FROM `cx_admin_role` WHERE `role_id` = 1 LIMIT 1   [ RunTime:0.0000s ]
SQL: SHOW COLUMNS FROM `cx_menu` [ RunTime:0.0110s ]
SQL: SELECT b.* FROM cx_auth AS a, cx_menu AS b WHERE a.menu_id = b.menu_id AND a. role_id='1' AND  b.module_name="Menu" and b.action_name="index" [ RunTime:0.0010s ]
SQL: SHOW COLUMNS FROM `cx_menu` [ RunTime:0.0110s ]
SQL: SELECT * FROM `cx_menu` WHERE `pid` = 0 AND `type` = 1 ORDER BY sort asc  [ RunTime:0.0000s ]
INFO: [ view_parse ] --START--
INFO: [ template_filter ] --START--
INFO: Run Behavior\ContentReplaceBehavior [ RunTime:0.001000s ]
INFO: [ template_filter ] --END-- [ RunTime:0.001000s ]
INFO: Run Behavior\ParseTemplateBehavior [ RunTime:0.010000s ]
INFO: [ view_parse ] --END-- [ RunTime:0.010000s ]
INFO: [ view_filter ] --START--
INFO: Run Behavior\WriteHtmlCacheBehavior [ RunTime:0.000000s ]
INFO: [ view_filter ] --END-- [ RunTime:0.000000s ]
INFO: [ app_end ] --START--
INFO: Run Behavior\ShowPageTraceBehavior [ RunTime:0.001000s ]
INFO: [ app_end ] --END-- [ RunTime:0.001000s ]

[ 2019-09-20T10:30:28+08:00 ] 127.0.0.1 /index/index.html
INFO: [ app_init ] --START--
INFO: Run Behavior\BuildLiteBehavior [ RunTime:0.000000s ]
INFO: [ app_init ] --END-- [ RunTime:0.000000s ]
INFO: [ app_begin ] --START--
INFO: Run Behavior\ReadHtmlCacheBehavior [ RunTime:0.001000s ]
INFO: [ app_begin ] --END-- [ RunTime:0.001000s ]
SQL: SHOW COLUMNS FROM `cx_admin_role` [ RunTime:0.0090s ]
SQL: SHOW COLUMNS FROM `cx_admin` [ RunTime:0.0110s ]
SQL: SELECT `admin_avatar` FROM `cx_admin` WHERE `admin_id` = 1 LIMIT 1   [ RunTime:0.0010s ]
SQL: SHOW COLUMNS FROM `cx_menu` [ RunTime:0.0110s ]
SQL: SELECT * FROM `cx_menu` WHERE `type` = 1 AND `status` = 1 ORDER BY sort  [ RunTime:0.0000s ]
INFO: [ view_parse ] --START--
INFO: [ template_filter ] --START--
INFO: Run Behavior\ContentReplaceBehavior [ RunTime:0.000000s ]
INFO: [ template_filter ] --END-- [ RunTime:0.000000s ]
INFO: Run Behavior\ParseTemplateBehavior [ RunTime:0.012000s ]
INFO: [ view_parse ] --END-- [ RunTime:0.013000s ]
INFO: [ view_filter ] --START--
INFO: Run Behavior\WriteHtmlCacheBehavior [ RunTime:0.000000s ]
INFO: [ view_filter ] --END-- [ RunTime:0.000000s ]
INFO: [ app_end ] --START--
INFO: Run Behavior\ShowPageTraceBehavior [ RunTime:0.001000s ]
INFO: [ app_end ] --END-- [ RunTime:0.001000s ]

[ 2019-09-20T10:30:28+08:00 ] 127.0.0.1 /index.php?m=Admin&c=menu&a=index&menu_id=4&
INFO: [ app_init ] --START--
INFO: Run Behavior\BuildLiteBehavior [ RunTime:0.000000s ]
INFO: [ app_init ] --END-- [ RunTime:0.000000s ]
INFO: [ app_begin ] --START--
INFO: Run Behavior\ReadHtmlCacheBehavior [ RunTime:0.000000s ]
INFO: [ app_begin ] --END-- [ RunTime:0.000000s ]
SQL: SHOW COLUMNS FROM `cx_admin_role` [ RunTime:0.0100s ]
SQL: SELECT * FROM `cx_admin_role` WHERE `role_id` = 1 LIMIT 1   [ RunTime:0.0000s ]
SQL: SHOW COLUMNS FROM `cx_menu` [ RunTime:0.0120s ]
SQL: SELECT b.* FROM cx_auth AS a, cx_menu AS b WHERE a.menu_id = b.menu_id AND a. role_id='1' AND  b.module_name="Menu" and b.action_name="index" [ RunTime:0.0010s ]
SQL: SHOW COLUMNS FROM `cx_menu` [ RunTime:0.0100s ]
SQL: SELECT * FROM `cx_menu` WHERE `pid` = 0 AND `type` = 1 ORDER BY sort asc  [ RunTime:0.0010s ]
INFO: [ view_parse ] --START--
INFO: [ template_filter ] --START--
INFO: Run Behavior\ContentReplaceBehavior [ RunTime:0.000000s ]
INFO: [ template_filter ] --END-- [ RunTime:0.000000s ]
INFO: Run Behavior\ParseTemplateBehavior [ RunTime:0.009000s ]
INFO: [ view_parse ] --END-- [ RunTime:0.009000s ]
INFO: [ view_filter ] --START--
INFO: Run Behavior\WriteHtmlCacheBehavior [ RunTime:0.000000s ]
INFO: [ view_filter ] --END-- [ RunTime:0.000000s ]
INFO: [ app_end ] --START--
INFO: Run Behavior\ShowPageTraceBehavior [ RunTime:0.001000s ]
INFO: [ app_end ] --END-- [ RunTime:0.001000s ]

[ 2019-09-20T10:30:34+08:00 ] 127.0.0.1 /index/index.html
INFO: [ app_init ] --START--
INFO: Run Behavior\BuildLiteBehavior [ RunTime:0.000000s ]
INFO: [ app_init ] --END-- [ RunTime:0.000000s ]
INFO: [ app_begin ] --START--
INFO: Run Behavior\ReadHtmlCacheBehavior [ RunTime:0.001000s ]
INFO: [ app_begin ] --END-- [ RunTime:0.001000s ]
SQL: SHOW COLUMNS FROM `cx_admin_role` [ RunTime:0.0120s ]
SQL: SHOW COLUMNS FROM `cx_admin` [ RunTime:0.0120s ]
SQL: SELECT `admin_avatar` FROM `cx_admin` WHERE `admin_id` = 1 LIMIT 1   [ RunTime:0.0000s ]
SQL: SHOW COLUMNS FROM `cx_menu` [ RunTime:0.0110s ]
SQL: SELECT * FROM `cx_menu` WHERE `type` = 1 AND `status` = 1 ORDER BY sort  [ RunTime:0.0000s ]
INFO: [ view_parse ] --START--
INFO: [ template_filter ] --START--
INFO: Run Behavior\ContentReplaceBehavior [ RunTime:0.000000s ]
INFO: [ template_filter ] --END-- [ RunTime:0.000000s ]
INFO: Run Behavior\ParseTemplateBehavior [ RunTime:0.012000s ]
INFO: [ view_parse ] --END-- [ RunTime:0.012000s ]
INFO: [ view_filter ] --START--
INFO: Run Behavior\WriteHtmlCacheBehavior [ RunTime:0.001000s ]
INFO: [ view_filter ] --END-- [ RunTime:0.001000s ]
INFO: [ app_end ] --START--
INFO: Run Behavior\ShowPageTraceBehavior [ RunTime:0.000000s ]
INFO: [ app_end ] --END-- [ RunTime:0.000000s ]

[ 2019-09-20T10:30:34+08:00 ] 127.0.0.1 /index.php?m=Admin&c=menu&a=index&menu_id=4&
INFO: [ app_init ] --START--
INFO: Run Behavior\BuildLiteBehavior [ RunTime:0.000000s ]
INFO: [ app_init ] --END-- [ RunTime:0.001000s ]
INFO: [ app_begin ] --START--
INFO: Run Behavior\ReadHtmlCacheBehavior [ RunTime:0.000000s ]
INFO: [ app_begin ] --END-- [ RunTime:0.000000s ]
SQL: SHOW COLUMNS FROM `cx_admin_role` [ RunTime:0.0120s ]
SQL: SELECT * FROM `cx_admin_role` WHERE `role_id` = 1 LIMIT 1   [ RunTime:0.0010s ]
SQL: SHOW COLUMNS FROM `cx_menu` [ RunTime:0.0120s ]
SQL: SELECT b.* FROM cx_auth AS a, cx_menu AS b WHERE a.menu_id = b.menu_id AND a. role_id='1' AND  b.module_name="Menu" and b.action_name="index" [ RunTime:0.0000s ]
SQL: SHOW COLUMNS FROM `cx_menu` [ RunTime:0.0120s ]
SQL: SELECT * FROM `cx_menu` WHERE `pid` = 0 AND `type` = 1 ORDER BY sort asc  [ RunTime:0.0000s ]
INFO: [ view_parse ] --START--
INFO: [ template_filter ] --START--
INFO: Run Behavior\ContentReplaceBehavior [ RunTime:0.000000s ]
INFO: [ template_filter ] --END-- [ RunTime:0.000000s ]
INFO: Run Behavior\ParseTemplateBehavior [ RunTime:0.009000s ]
INFO: [ view_parse ] --END-- [ RunTime:0.009000s ]
INFO: [ view_filter ] --START--
INFO: Run Behavior\WriteHtmlCacheBehavior [ RunTime:0.000000s ]
INFO: [ view_filter ] --END-- [ RunTime:0.000000s ]
INFO: [ app_end ] --START--
INFO: Run Behavior\ShowPageTraceBehavior [ RunTime:0.000000s ]
INFO: [ app_end ] --END-- [ RunTime:0.000000s ]

[ 2019-09-20T10:30:36+08:00 ] 127.0.0.1 /Admin/menu/ajax_save_menu?branch=menu_name&id=50&value=%E4%B8%9A%E5%8A%A1
INFO: [ app_init ] --START--
INFO: Run Behavior\BuildLiteBehavior [ RunTime:0.000000s ]
INFO: [ app_init ] --END-- [ RunTime:0.000000s ]
INFO: [ app_begin ] --START--
INFO: Run Behavior\ReadHtmlCacheBehavior [ RunTime:0.001000s ]
INFO: [ app_begin ] --END-- [ RunTime:0.001000s ]
SQL: SHOW COLUMNS FROM `cx_admin_role` [ RunTime:0.0130s ]
SQL: SELECT * FROM `cx_admin_role` WHERE `role_id` = 1 LIMIT 1   [ RunTime:0.0000s ]
SQL: SHOW COLUMNS FROM `cx_menu` [ RunTime:0.0140s ]
SQL: SELECT b.* FROM cx_auth AS a, cx_menu AS b WHERE a.menu_id = b.menu_id AND a. role_id='1' AND  b.module_name="Menu" and b.action_name="ajax_save_menu" [ RunTime:0.0000s ]
SQL: SHOW COLUMNS FROM `cx_menu` [ RunTime:0.0130s ]
SQL: UPDATE `cx_menu` SET `menu_name`='业务' WHERE `menu_id` = '50' [ RunTime:0.0210s ]

[ 2019-09-20T10:30:43+08:00 ] 127.0.0.1 /index.php?m=Admin&c=System&a=site_setting&menu_id=3&
INFO: [ app_init ] --START--
INFO: Run Behavior\BuildLiteBehavior [ RunTime:0.000000s ]
INFO: [ app_init ] --END-- [ RunTime:0.000000s ]
INFO: [ app_begin ] --START--
INFO: Run Behavior\ReadHtmlCacheBehavior [ RunTime:0.001000s ]
INFO: [ app_begin ] --END-- [ RunTime:0.001000s ]
SQL: SHOW COLUMNS FROM `cx_admin_role` [ RunTime:0.0100s ]
SQL: SELECT * FROM `cx_admin_role` WHERE `role_id` = 1 LIMIT 1   [ RunTime:0.0010s ]
SQL: SHOW COLUMNS FROM `cx_menu` [ RunTime:0.0120s ]
SQL: SELECT b.* FROM cx_auth AS a, cx_menu AS b WHERE a.menu_id = b.menu_id AND a. role_id='1' AND  b.module_name="System" and b.action_name="site_setting" [ RunTime:0.0010s ]
SQL: SHOW COLUMNS FROM `cx_admin_role` [ RunTime:0.0110s ]
SQL: SELECT * FROM `cx_admin_role` WHERE `role_id` = 1 LIMIT 1   [ RunTime:0.0000s ]
SQL: SHOW COLUMNS FROM `cx_admin` [ RunTime:0.0110s ]
SQL: SELECT * FROM `cx_admin` WHERE `admin_id` = 1 LIMIT 1   [ RunTime:0.0000s ]
SQL: SELECT `role_name` FROM `cx_admin_role` WHERE `role_id` = 1 LIMIT 1   [ RunTime:0.0000s ]
INFO: [ view_parse ] --START--
INFO: [ template_filter ] --START--
INFO: Run Behavior\ContentReplaceBehavior [ RunTime:0.000000s ]
INFO: [ template_filter ] --END-- [ RunTime:0.000000s ]
INFO: Run Behavior\ParseTemplateBehavior [ RunTime:0.010000s ]
INFO: [ view_parse ] --END-- [ RunTime:0.010000s ]
INFO: [ view_filter ] --START--
INFO: Run Behavior\WriteHtmlCacheBehavior [ RunTime:0.000000s ]
INFO: [ view_filter ] --END-- [ RunTime:0.000000s ]
INFO: [ app_end ] --START--
INFO: Run Behavior\ShowPageTraceBehavior [ RunTime:0.001000s ]
INFO: [ app_end ] --END-- [ RunTime:0.001000s ]

[ 2019-09-20T10:30:44+08:00 ] 127.0.0.1 /index.php?m=Admin&c=menu&a=index&menu_id=4&
INFO: [ app_init ] --START--
INFO: Run Behavior\BuildLiteBehavior [ RunTime:0.000000s ]
INFO: [ app_init ] --END-- [ RunTime:0.000000s ]
INFO: [ app_begin ] --START--
INFO: Run Behavior\ReadHtmlCacheBehavior [ RunTime:0.001000s ]
INFO: [ app_begin ] --END-- [ RunTime:0.001000s ]
SQL: SHOW COLUMNS FROM `cx_admin_role` [ RunTime:0.0120s ]
SQL: SELECT * FROM `cx_admin_role` WHERE `role_id` = 1 LIMIT 1   [ RunTime:0.0000s ]
SQL: SHOW COLUMNS FROM `cx_menu` [ RunTime:0.0120s ]
SQL: SELECT b.* FROM cx_auth AS a, cx_menu AS b WHERE a.menu_id = b.menu_id AND a. role_id='1' AND  b.module_name="Menu" and b.action_name="index" [ RunTime:0.0010s ]
SQL: SHOW COLUMNS FROM `cx_menu` [ RunTime:0.0100s ]
SQL: SELECT * FROM `cx_menu` WHERE `pid` = 0 AND `type` = 1 ORDER BY sort asc  [ RunTime:0.0000s ]
INFO: [ view_parse ] --START--
INFO: [ template_filter ] --START--
INFO: Run Behavior\ContentReplaceBehavior [ RunTime:0.000000s ]
INFO: [ template_filter ] --END-- [ RunTime:0.000000s ]
INFO: Run Behavior\ParseTemplateBehavior [ RunTime:0.009000s ]
INFO: [ view_parse ] --END-- [ RunTime:0.009000s ]
INFO: [ view_filter ] --START--
INFO: Run Behavior\WriteHtmlCacheBehavior [ RunTime:0.000000s ]
INFO: [ view_filter ] --END-- [ RunTime:0.000000s ]
INFO: [ app_end ] --START--
INFO: Run Behavior\ShowPageTraceBehavior [ RunTime:0.000000s ]
INFO: [ app_end ] --END-- [ RunTime:0.000000s ]

[ 2019-09-20T10:30:45+08:00 ] 127.0.0.1 /index.php?m=Admin&c=role&a=index&menu_id=5&
INFO: [ app_init ] --START--
INFO: Run Behavior\BuildLiteBehavior [ RunTime:0.000000s ]
INFO: [ app_init ] --END-- [ RunTime:0.000000s ]
INFO: [ app_begin ] --START--
INFO: Run Behavior\ReadHtmlCacheBehavior [ RunTime:0.000000s ]
INFO: [ app_begin ] --END-- [ RunTime:0.000000s ]
SQL: SHOW COLUMNS FROM `cx_admin_role` [ RunTime:0.0110s ]
SQL: SELECT * FROM `cx_admin_role` WHERE `role_id` = 1 LIMIT 1   [ RunTime:0.0000s ]
SQL: SHOW COLUMNS FROM `cx_menu` [ RunTime:0.0110s ]
SQL: SELECT b.* FROM cx_auth AS a, cx_menu AS b WHERE a.menu_id = b.menu_id AND a. role_id='1' AND  b.module_name="Role" and b.action_name="index" [ RunTime:0.0000s ]
SQL: SELECT * FROM `cx_admin_role`  [ RunTime:0.0000s ]
INFO: [ view_parse ] --START--
INFO: [ template_filter ] --START--
INFO: Run Behavior\ContentReplaceBehavior [ RunTime:0.000000s ]
INFO: [ template_filter ] --END-- [ RunTime:0.000000s ]
INFO: Run Behavior\ParseTemplateBehavior [ RunTime:0.020000s ]
INFO: [ view_parse ] --END-- [ RunTime:0.020000s ]
INFO: [ view_filter ] --START--
INFO: Run Behavior\WriteHtmlCacheBehavior [ RunTime:0.000000s ]
INFO: [ view_filter ] --END-- [ RunTime:0.000000s ]
INFO: [ app_end ] --START--
INFO: Run Behavior\ShowPageTraceBehavior [ RunTime:0.001000s ]
INFO: [ app_end ] --END-- [ RunTime:0.001000s ]

[ 2019-09-20T10:30:59+08:00 ] 127.0.0.1 /index.php/role/del_role/role_id/7.html
INFO: [ app_init ] --START--
INFO: Run Behavior\BuildLiteBehavior [ RunTime:0.000000s ]
INFO: [ app_init ] --END-- [ RunTime:0.000000s ]
INFO: [ app_begin ] --START--
INFO: Run Behavior\ReadHtmlCacheBehavior [ RunTime:0.001000s ]
INFO: [ app_begin ] --END-- [ RunTime:0.001000s ]
SQL: SHOW COLUMNS FROM `cx_admin_role` [ RunTime:0.0110s ]
SQL: SELECT * FROM `cx_admin_role` WHERE `role_id` = 1 LIMIT 1   [ RunTime:0.0020s ]
SQL: SHOW COLUMNS FROM `cx_menu` [ RunTime:0.0140s ]
SQL: SELECT b.* FROM cx_auth AS a, cx_menu AS b WHERE a.menu_id = b.menu_id AND a. role_id='1' AND  b.module_name="Role" and b.action_name="del_role" [ RunTime:0.0000s ]
SQL: DELETE FROM `cx_admin_role` WHERE `role_id` = 7 [ RunTime:0.0490s ]
NOTIC: [8] Undefined index: mapping_name D:\WWW\english_edu\EDU\Library\Think\Model\RelationModel.class.php 第 259 行.
SQL: SHOW COLUMNS FROM `cx_auth` [ RunTime:0.0130s ]
SQL: DELETE FROM `cx_auth` WHERE `role_id` = 7 [ RunTime:0.0250s ]
SQL: SHOW COLUMNS FROM `cx_admin` [ RunTime:0.0120s ]
SQL: DELETE FROM `cx_admin` WHERE `role_id` = 7 [ RunTime:0.0200s ]
INFO: [ view_parse ] --START--
INFO: [ template_filter ] --START--
INFO: Run Behavior\ContentReplaceBehavior [ RunTime:0.000000s ]
INFO: [ template_filter ] --END-- [ RunTime:0.000000s ]
INFO: Run Behavior\ParseTemplateBehavior [ RunTime:0.018000s ]
INFO: [ view_parse ] --END-- [ RunTime:0.018000s ]
INFO: [ view_filter ] --START--
INFO: Run Behavior\WriteHtmlCacheBehavior [ RunTime:0.000000s ]
INFO: [ view_filter ] --END-- [ RunTime:0.000000s ]
INFO: [ app_end ] --START--
INFO: Run Behavior\ShowPageTraceBehavior [ RunTime:0.001000s ]
INFO: [ app_end ] --END-- [ RunTime:0.001000s ]

[ 2019-09-20T10:31:01+08:00 ] 127.0.0.1 /index.php/role/index.html
INFO: [ app_init ] --START--
INFO: Run Behavior\BuildLiteBehavior [ RunTime:0.000000s ]
INFO: [ app_init ] --END-- [ RunTime:0.000000s ]
INFO: [ app_begin ] --START--
INFO: Run Behavior\ReadHtmlCacheBehavior [ RunTime:0.001000s ]
INFO: [ app_begin ] --END-- [ RunTime:0.001000s ]
SQL: SHOW COLUMNS FROM `cx_admin_role` [ RunTime:0.0120s ]
SQL: SELECT * FROM `cx_admin_role` WHERE `role_id` = 1 LIMIT 1   [ RunTime:0.0000s ]
SQL: SHOW COLUMNS FROM `cx_menu` [ RunTime:0.0120s ]
SQL: SELECT b.* FROM cx_auth AS a, cx_menu AS b WHERE a.menu_id = b.menu_id AND a. role_id='1' AND  b.module_name="Role" and b.action_name="index" [ RunTime:0.0000s ]
SQL: SELECT * FROM `cx_admin_role`  [ RunTime:0.0000s ]
INFO: [ view_parse ] --START--
INFO: [ template_filter ] --START--
INFO: Run Behavior\ContentReplaceBehavior [ RunTime:0.000000s ]
INFO: [ template_filter ] --END-- [ RunTime:0.000000s ]
INFO: Run Behavior\ParseTemplateBehavior [ RunTime:0.008000s ]
INFO: [ view_parse ] --END-- [ RunTime:0.008000s ]
INFO: [ view_filter ] --START--
INFO: Run Behavior\WriteHtmlCacheBehavior [ RunTime:0.000000s ]
INFO: [ view_filter ] --END-- [ RunTime:0.000000s ]
INFO: [ app_end ] --START--
INFO: Run Behavior\ShowPageTraceBehavior [ RunTime:0.001000s ]
INFO: [ app_end ] --END-- [ RunTime:0.001000s ]

[ 2019-09-20T10:31:03+08:00 ] 127.0.0.1 /index.php/role/del_role/role_id/2.html
INFO: [ app_init ] --START--
INFO: Run Behavior\BuildLiteBehavior [ RunTime:0.000000s ]
INFO: [ app_init ] --END-- [ RunTime:0.000000s ]
INFO: [ app_begin ] --START--
INFO: Run Behavior\ReadHtmlCacheBehavior [ RunTime:0.000000s ]
INFO: [ app_begin ] --END-- [ RunTime:0.000000s ]
SQL: SHOW COLUMNS FROM `cx_admin_role` [ RunTime:0.0110s ]
SQL: SELECT * FROM `cx_admin_role` WHERE `role_id` = 1 LIMIT 1   [ RunTime:0.0000s ]
SQL: SHOW COLUMNS FROM `cx_menu` [ RunTime:0.0120s ]
SQL: SELECT b.* FROM cx_auth AS a, cx_menu AS b WHERE a.menu_id = b.menu_id AND a. role_id='1' AND  b.module_name="Role" and b.action_name="del_role" [ RunTime:0.0000s ]
SQL: DELETE FROM `cx_admin_role` WHERE `role_id` = 2 [ RunTime:0.0240s ]
NOTIC: [8] Undefined index: mapping_name D:\WWW\english_edu\EDU\Library\Think\Model\RelationModel.class.php 第 259 行.
SQL: SHOW COLUMNS FROM `cx_auth` [ RunTime:0.0110s ]
SQL: DELETE FROM `cx_auth` WHERE `role_id` = 2 [ RunTime:0.0180s ]
SQL: SHOW COLUMNS FROM `cx_admin` [ RunTime:0.0110s ]
SQL: DELETE FROM `cx_admin` WHERE `role_id` = 2 [ RunTime:0.0160s ]
INFO: [ view_parse ] --START--
INFO: [ template_filter ] --START--
INFO: Run Behavior\ContentReplaceBehavior [ RunTime:0.000000s ]
INFO: [ template_filter ] --END-- [ RunTime:0.000000s ]
INFO: Run Behavior\ParseTemplateBehavior [ RunTime:0.007000s ]
INFO: [ view_parse ] --END-- [ RunTime:0.007000s ]
INFO: [ view_filter ] --START--
INFO: Run Behavior\WriteHtmlCacheBehavior [ RunTime:0.000000s ]
INFO: [ view_filter ] --END-- [ RunTime:0.000000s ]
INFO: [ app_end ] --START--
INFO: Run Behavior\ShowPageTraceBehavior [ RunTime:0.001000s ]
INFO: [ app_end ] --END-- [ RunTime:0.001000s ]

[ 2019-09-20T10:31:04+08:00 ] 127.0.0.1 /index.php/role/index.html
INFO: [ app_init ] --START--
INFO: Run Behavior\BuildLiteBehavior [ RunTime:0.000000s ]
INFO: [ app_init ] --END-- [ RunTime:0.000000s ]
INFO: [ app_begin ] --START--
INFO: Run Behavior\ReadHtmlCacheBehavior [ RunTime:0.000000s ]
INFO: [ app_begin ] --END-- [ RunTime:0.000000s ]
SQL: SHOW COLUMNS FROM `cx_admin_role` [ RunTime:0.0110s ]
SQL: SELECT * FROM `cx_admin_role` WHERE `role_id` = 1 LIMIT 1   [ RunTime:0.0000s ]
SQL: SHOW COLUMNS FROM `cx_menu` [ RunTime:0.0110s ]
SQL: SELECT b.* FROM cx_auth AS a, cx_menu AS b WHERE a.menu_id = b.menu_id AND a. role_id='1' AND  b.module_name="Role" and b.action_name="index" [ RunTime:0.0010s ]
SQL: SELECT * FROM `cx_admin_role`  [ RunTime:0.0000s ]
INFO: [ view_parse ] --START--
INFO: [ template_filter ] --START--
INFO: Run Behavior\ContentReplaceBehavior [ RunTime:0.000000s ]
INFO: [ template_filter ] --END-- [ RunTime:0.000000s ]
INFO: Run Behavior\ParseTemplateBehavior [ RunTime:0.008000s ]
INFO: [ view_parse ] --END-- [ RunTime:0.008000s ]
INFO: [ view_filter ] --START--
INFO: Run Behavior\WriteHtmlCacheBehavior [ RunTime:0.000000s ]
INFO: [ view_filter ] --END-- [ RunTime:0.000000s ]
INFO: [ app_end ] --START--
INFO: Run Behavior\ShowPageTraceBehavior [ RunTime:0.000000s ]
INFO: [ app_end ] --END-- [ RunTime:0.001000s ]

[ 2019-09-20T10:31:06+08:00 ] 127.0.0.1 /index.php?m=Admin&c=menu&a=index&menu_id=4&
INFO: [ app_init ] --START--
INFO: Run Behavior\BuildLiteBehavior [ RunTime:0.000000s ]
INFO: [ app_init ] --END-- [ RunTime:0.000000s ]
INFO: [ app_begin ] --START--
INFO: Run Behavior\ReadHtmlCacheBehavior [ RunTime:0.000000s ]
INFO: [ app_begin ] --END-- [ RunTime:0.000000s ]
SQL: SHOW COLUMNS FROM `cx_admin_role` [ RunTime:0.0110s ]
SQL: SELECT * FROM `cx_admin_role` WHERE `role_id` = 1 LIMIT 1   [ RunTime:0.0000s ]
SQL: SHOW COLUMNS FROM `cx_menu` [ RunTime:0.0100s ]
SQL: SELECT b.* FROM cx_auth AS a, cx_menu AS b WHERE a.menu_id = b.menu_id AND a. role_id='1' AND  b.module_name="Menu" and b.action_name="index" [ RunTime:0.0000s ]
SQL: SHOW COLUMNS FROM `cx_menu` [ RunTime:0.0120s ]
SQL: SELECT * FROM `cx_menu` WHERE `pid` = 0 AND `type` = 1 ORDER BY sort asc  [ RunTime:0.0000s ]
INFO: [ view_parse ] --START--
INFO: [ template_filter ] --START--
INFO: Run Behavior\ContentReplaceBehavior [ RunTime:0.000000s ]
INFO: [ template_filter ] --END-- [ RunTime:0.000000s ]
INFO: Run Behavior\ParseTemplateBehavior [ RunTime:0.010000s ]
INFO: [ view_parse ] --END-- [ RunTime:0.010000s ]
INFO: [ view_filter ] --START--
INFO: Run Behavior\WriteHtmlCacheBehavior [ RunTime:0.000000s ]
INFO: [ view_filter ] --END-- [ RunTime:0.000000s ]
INFO: [ app_end ] --START--
INFO: Run Behavior\ShowPageTraceBehavior [ RunTime:0.000000s ]
INFO: [ app_end ] --END-- [ RunTime:0.000000s ]

[ 2019-09-20T10:31:14+08:00 ] 127.0.0.1 /index.php?m=Admin&c=grate&a=index&menu_id=114&
INFO: [ app_init ] --START--
INFO: Run Behavior\BuildLiteBehavior [ RunTime:0.000000s ]
INFO: [ app_init ] --END-- [ RunTime:0.000000s ]
INFO: [ app_begin ] --START--
INFO: Run Behavior\ReadHtmlCacheBehavior [ RunTime:0.000000s ]
INFO: [ app_begin ] --END-- [ RunTime:0.000000s ]
SQL: SHOW COLUMNS FROM `cx_admin_role` [ RunTime:0.0100s ]
SQL: SELECT * FROM `cx_admin_role` WHERE `role_id` = 1 LIMIT 1   [ RunTime:0.0000s ]
SQL: SHOW COLUMNS FROM `cx_menu` [ RunTime:0.0110s ]
SQL: SELECT b.* FROM cx_auth AS a, cx_menu AS b WHERE a.menu_id = b.menu_id AND a. role_id='1' AND  b.module_name="Grate" and b.action_name="index" [ RunTime:0.0000s ]
SQL: SHOW COLUMNS FROM `cx_grate` [ RunTime:0.0140s ]
SQL: SELECT COUNT(*) AS tp_count FROM `cx_grate` LIMIT 1   [ RunTime:0.0000s ]
SQL: SELECT * FROM `cx_grate` ORDER BY id desc LIMIT 0,8   [ RunTime:0.0010s ]
INFO: [ view_parse ] --START--
INFO: [ template_filter ] --START--
INFO: Run Behavior\ContentReplaceBehavior [ RunTime:0.001000s ]
INFO: [ template_filter ] --END-- [ RunTime:0.001000s ]
NOTIC: [8] Undefined variable: back_htn_html D:\WWW\english_edu\Application\Runtime\Cache\Admin\1daf3a71da037ead2a662ca04c2ab6a3.php 第 49 行.
INFO: Run Behavior\ParseTemplateBehavior [ RunTime:0.033000s ]
INFO: [ view_parse ] --END-- [ RunTime:0.033000s ]
INFO: [ view_filter ] --START--
INFO: Run Behavior\WriteHtmlCacheBehavior [ RunTime:0.001000s ]
INFO: [ view_filter ] --END-- [ RunTime:0.001000s ]
INFO: [ app_end ] --START--
INFO: Run Behavior\ShowPageTraceBehavior [ RunTime:0.000000s ]
INFO: [ app_end ] --END-- [ RunTime:0.000000s ]

[ 2019-09-20T10:31:16+08:00 ] 127.0.0.1 /index.php?m=Admin&c=user&a=student&menu_id=100&
INFO: [ app_init ] --START--
INFO: Run Behavior\BuildLiteBehavior [ RunTime:0.000000s ]
INFO: [ app_init ] --END-- [ RunTime:0.000000s ]
INFO: [ app_begin ] --START--
INFO: Run Behavior\ReadHtmlCacheBehavior [ RunTime:0.001000s ]
INFO: [ app_begin ] --END-- [ RunTime:0.001000s ]
SQL: SHOW COLUMNS FROM `cx_admin_role` [ RunTime:0.0130s ]
SQL: SELECT * FROM `cx_admin_role` WHERE `role_id` = 1 LIMIT 1   [ RunTime:0.0010s ]
SQL: SHOW COLUMNS FROM `cx_menu` [ RunTime:0.0050s ]
SQL: SELECT b.* FROM cx_auth AS a, cx_menu AS b WHERE a.menu_id = b.menu_id AND a. role_id='1' AND  b.module_name="User" and b.action_name="student" [ RunTime:0.0010s ]
SQL: SHOW COLUMNS FROM `cx_admin` [ RunTime:0.0150s ]
SQL: SELECT COUNT(*) AS tp_count FROM `cx_admin` WHERE `role_id` = 2 LIMIT 1   [ RunTime:0.0080s ]
SQL: SELECT * FROM `cx_admin` WHERE `role_id` = 2 ORDER BY admin_id asc LIMIT 0,10   [ RunTime:0.0010s ]
INFO: [ view_parse ] --START--
INFO: [ template_filter ] --START--
INFO: Run Behavior\ContentReplaceBehavior [ RunTime:0.000000s ]
INFO: [ template_filter ] --END-- [ RunTime:0.000000s ]
NOTIC: [8] Undefined variable: back D:\WWW\english_edu\Application\Runtime\Cache\Admin\f3df5e1aa955f9faca86b36b220d689f.php 第 50 行.
NOTIC: [8] Undefined variable: username D:\WWW\english_edu\Application\Runtime\Cache\Admin\f3df5e1aa955f9faca86b36b220d689f.php 第 67 行.
INFO: Run Behavior\ParseTemplateBehavior [ RunTime:0.019000s ]
INFO: [ view_parse ] --END-- [ RunTime:0.019000s ]
INFO: [ view_filter ] --START--
INFO: Run Behavior\WriteHtmlCacheBehavior [ RunTime:0.001000s ]
INFO: [ view_filter ] --END-- [ RunTime:0.001000s ]
INFO: [ app_end ] --START--
INFO: Run Behavior\ShowPageTraceBehavior [ RunTime:0.000000s ]
INFO: [ app_end ] --END-- [ RunTime:0.000000s ]

[ 2019-09-20T10:31:18+08:00 ] 127.0.0.1 /index.php?m=Admin&c=System&a=site_setting&menu_id=3&
INFO: [ app_init ] --START--
INFO: Run Behavior\BuildLiteBehavior [ RunTime:0.000000s ]
INFO: [ app_init ] --END-- [ RunTime:0.000000s ]
INFO: [ app_begin ] --START--
INFO: Run Behavior\ReadHtmlCacheBehavior [ RunTime:0.000000s ]
INFO: [ app_begin ] --END-- [ RunTime:0.001000s ]
SQL: SHOW COLUMNS FROM `cx_admin_role` [ RunTime:0.0110s ]
SQL: SELECT * FROM `cx_admin_role` WHERE `role_id` = 1 LIMIT 1   [ RunTime:0.0000s ]
SQL: SHOW COLUMNS FROM `cx_menu` [ RunTime:0.0100s ]
SQL: SELECT b.* FROM cx_auth AS a, cx_menu AS b WHERE a.menu_id = b.menu_id AND a. role_id='1' AND  b.module_name="System" and b.action_name="site_setting" [ RunTime:0.0000s ]
SQL: SHOW COLUMNS FROM `cx_admin_role` [ RunTime:0.0110s ]
SQL: SELECT * FROM `cx_admin_role` WHERE `role_id` = 1 LIMIT 1   [ RunTime:0.0000s ]
SQL: SHOW COLUMNS FROM `cx_admin` [ RunTime:0.0110s ]
SQL: SELECT * FROM `cx_admin` WHERE `admin_id` = 1 LIMIT 1   [ RunTime:0.0010s ]
SQL: SELECT `role_name` FROM `cx_admin_role` WHERE `role_id` = 1 LIMIT 1   [ RunTime:0.0000s ]
INFO: [ view_parse ] --START--
INFO: [ template_filter ] --START--
INFO: Run Behavior\ContentReplaceBehavior [ RunTime:0.000000s ]
INFO: [ template_filter ] --END-- [ RunTime:0.000000s ]
INFO: Run Behavior\ParseTemplateBehavior [ RunTime:0.008000s ]
INFO: [ view_parse ] --END-- [ RunTime:0.008000s ]
INFO: [ view_filter ] --START--
INFO: Run Behavior\WriteHtmlCacheBehavior [ RunTime:0.001000s ]
INFO: [ view_filter ] --END-- [ RunTime:0.001000s ]
INFO: [ app_end ] --START--
INFO: Run Behavior\ShowPageTraceBehavior [ RunTime:0.000000s ]
INFO: [ app_end ] --END-- [ RunTime:0.000000s ]

[ 2019-09-20T10:31:21+08:00 ] 127.0.0.1 /index.php?m=Admin&c=role&a=index&menu_id=5&
INFO: [ app_init ] --START--
INFO: Run Behavior\BuildLiteBehavior [ RunTime:0.000000s ]
INFO: [ app_init ] --END-- [ RunTime:0.001000s ]
INFO: [ app_begin ] --START--
INFO: Run Behavior\ReadHtmlCacheBehavior [ RunTime:0.000000s ]
INFO: [ app_begin ] --END-- [ RunTime:0.000000s ]
SQL: SHOW COLUMNS FROM `cx_admin_role` [ RunTime:0.0110s ]
SQL: SELECT * FROM `cx_admin_role` WHERE `role_id` = 1 LIMIT 1   [ RunTime:0.0000s ]
SQL: SHOW COLUMNS FROM `cx_menu` [ RunTime:0.0110s ]
SQL: SELECT b.* FROM cx_auth AS a, cx_menu AS b WHERE a.menu_id = b.menu_id AND a. role_id='1' AND  b.module_name="Role" and b.action_name="index" [ RunTime:0.0000s ]
SQL: SELECT * FROM `cx_admin_role`  [ RunTime:0.0000s ]
INFO: [ view_parse ] --START--
INFO: [ template_filter ] --START--
INFO: Run Behavior\ContentReplaceBehavior [ RunTime:0.000000s ]
INFO: [ template_filter ] --END-- [ RunTime:0.000000s ]
INFO: Run Behavior\ParseTemplateBehavior [ RunTime:0.007000s ]
INFO: [ view_parse ] --END-- [ RunTime:0.007000s ]
INFO: [ view_filter ] --START--
INFO: Run Behavior\WriteHtmlCacheBehavior [ RunTime:0.000000s ]
INFO: [ view_filter ] --END-- [ RunTime:0.000000s ]
INFO: [ app_end ] --START--
INFO: Run Behavior\ShowPageTraceBehavior [ RunTime:0.000000s ]
INFO: [ app_end ] --END-- [ RunTime:0.000000s ]

[ 2019-09-20T10:31:21+08:00 ] 127.0.0.1 /index.php?m=Admin&c=menu&a=index&menu_id=4&
INFO: [ app_init ] --START--
INFO: Run Behavior\BuildLiteBehavior [ RunTime:0.000000s ]
INFO: [ app_init ] --END-- [ RunTime:0.000000s ]
INFO: [ app_begin ] --START--
INFO: Run Behavior\ReadHtmlCacheBehavior [ RunTime:0.000000s ]
INFO: [ app_begin ] --END-- [ RunTime:0.000000s ]
SQL: SHOW COLUMNS FROM `cx_admin_role` [ RunTime:0.0120s ]
SQL: SELECT * FROM `cx_admin_role` WHERE `role_id` = 1 LIMIT 1   [ RunTime:0.0000s ]
SQL: SHOW COLUMNS FROM `cx_menu` [ RunTime:0.0110s ]
SQL: SELECT b.* FROM cx_auth AS a, cx_menu AS b WHERE a.menu_id = b.menu_id AND a. role_id='1' AND  b.module_name="Menu" and b.action_name="index" [ RunTime:0.0000s ]
SQL: SHOW COLUMNS FROM `cx_menu` [ RunTime:0.0110s ]
SQL: SELECT * FROM `cx_menu` WHERE `pid` = 0 AND `type` = 1 ORDER BY sort asc  [ RunTime:0.0010s ]
INFO: [ view_parse ] --START--
INFO: [ template_filter ] --START--
INFO: Run Behavior\ContentReplaceBehavior [ RunTime:0.000000s ]
INFO: [ template_filter ] --END-- [ RunTime:0.000000s ]
INFO: Run Behavior\ParseTemplateBehavior [ RunTime:0.009000s ]
INFO: [ view_parse ] --END-- [ RunTime:0.009000s ]
INFO: [ view_filter ] --START--
INFO: Run Behavior\WriteHtmlCacheBehavior [ RunTime:0.001000s ]
INFO: [ view_filter ] --END-- [ RunTime:0.001000s ]
INFO: [ app_end ] --START--
INFO: Run Behavior\ShowPageTraceBehavior [ RunTime:0.000000s ]
INFO: [ app_end ] --END-- [ RunTime:0.000000s ]

[ 2019-09-20T10:55:16+08:00 ] 127.0.0.1 /index.php?m=Admin&c=user&a=student&menu_id=100&
INFO: [ app_init ] --START--
INFO: Run Behavior\BuildLiteBehavior [ RunTime:0.000000s ]
INFO: [ app_init ] --END-- [ RunTime:0.000000s ]
INFO: [ app_begin ] --START--
INFO: Run Behavior\ReadHtmlCacheBehavior [ RunTime:0.001000s ]
INFO: [ app_begin ] --END-- [ RunTime:0.001000s ]
SQL: SHOW COLUMNS FROM `cx_admin_role` [ RunTime:0.0060s ]
SQL: SELECT * FROM `cx_admin_role` WHERE `role_id` = 1 LIMIT 1   [ RunTime:0.0010s ]
SQL: SHOW COLUMNS FROM `cx_menu` [ RunTime:0.0070s ]
SQL: SELECT b.* FROM cx_auth AS a, cx_menu AS b WHERE a.menu_id = b.menu_id AND a. role_id='1' AND  b.module_name="User" and b.action_name="student" [ RunTime:0.0010s ]
SQL: SHOW COLUMNS FROM `cx_admin` [ RunTime:0.0080s ]
SQL: SELECT COUNT(*) AS tp_count FROM `cx_admin` WHERE `role_id` = 2 LIMIT 1   [ RunTime:0.0000s ]
SQL: SELECT * FROM `cx_admin` WHERE `role_id` = 2 ORDER BY admin_id asc LIMIT 0,10   [ RunTime:0.0000s ]
INFO: [ view_parse ] --START--
INFO: [ template_filter ] --START--
INFO: Run Behavior\ContentReplaceBehavior [ RunTime:0.000000s ]
INFO: [ template_filter ] --END-- [ RunTime:0.000000s ]
NOTIC: [8] Undefined variable: back D:\WWW\english_edu\Application\Runtime\Cache\Admin\f3df5e1aa955f9faca86b36b220d689f.php 第 50 行.
NOTIC: [8] Undefined variable: username D:\WWW\english_edu\Application\Runtime\Cache\Admin\f3df5e1aa955f9faca86b36b220d689f.php 第 67 行.
INFO: Run Behavior\ParseTemplateBehavior [ RunTime:0.024000s ]
INFO: [ view_parse ] --END-- [ RunTime:0.024000s ]
INFO: [ view_filter ] --START--
INFO: Run Behavior\WriteHtmlCacheBehavior [ RunTime:0.001000s ]
INFO: [ view_filter ] --END-- [ RunTime:0.001000s ]
INFO: [ app_end ] --START--
INFO: Run Behavior\ShowPageTraceBehavior [ RunTime:0.000000s ]
INFO: [ app_end ] --END-- [ RunTime:0.000000s ]

[ 2019-09-20T10:55:19+08:00 ] 127.0.0.1 /index.php?m=Admin&c=user&a=teacher&menu_id=101&
INFO: [ app_init ] --START--
INFO: Run Behavior\BuildLiteBehavior [ RunTime:0.000000s ]
INFO: [ app_init ] --END-- [ RunTime:0.000000s ]
INFO: [ app_begin ] --START--
INFO: Run Behavior\ReadHtmlCacheBehavior [ RunTime:0.000000s ]
INFO: [ app_begin ] --END-- [ RunTime:0.000000s ]
SQL: SHOW COLUMNS FROM `cx_admin_role` [ RunTime:0.0070s ]
SQL: SELECT * FROM `cx_admin_role` WHERE `role_id` = 1 LIMIT 1   [ RunTime:0.0000s ]
SQL: SHOW COLUMNS FROM `cx_menu` [ RunTime:0.0060s ]
SQL: SELECT b.* FROM cx_auth AS a, cx_menu AS b WHERE a.menu_id = b.menu_id AND a. role_id='1' AND  b.module_name="User" and b.action_name="teacher" [ RunTime:0.0000s ]
SQL: SHOW COLUMNS FROM `cx_admin` [ RunTime:0.0070s ]
SQL: SELECT COUNT(*) AS tp_count FROM `cx_admin` WHERE `role_id` = 7 LIMIT 1   [ RunTime:0.0000s ]
SQL: SELECT * FROM `cx_admin` WHERE `role_id` = 7 ORDER BY admin_id asc LIMIT 0,10   [ RunTime:0.0000s ]
INFO: [ view_parse ] --START--
INFO: [ template_filter ] --START--
INFO: Run Behavior\ContentReplaceBehavior [ RunTime:0.000000s ]
INFO: [ template_filter ] --END-- [ RunTime:0.000000s ]
NOTIC: [8] Undefined variable: back D:\WWW\english_edu\Application\Runtime\Cache\Admin\64cfa6e56850ddf7d015d3070d731006.php 第 50 行.
NOTIC: [8] Undefined variable: username D:\WWW\english_edu\Application\Runtime\Cache\Admin\64cfa6e56850ddf7d015d3070d731006.php 第 65 行.
NOTIC: [8] Undefined variable: phone D:\WWW\english_edu\Application\Runtime\Cache\Admin\64cfa6e56850ddf7d015d3070d731006.php 第 67 行.
NOTIC: [8] Undefined variable: cate_type D:\WWW\english_edu\Application\Runtime\Cache\Admin\64cfa6e56850ddf7d015d3070d731006.php 第 186 行.
INFO: Run Behavior\ParseTemplateBehavior [ RunTime:0.017000s ]
INFO: [ view_parse ] --END-- [ RunTime:0.017000s ]
INFO: [ view_filter ] --START--
INFO: Run Behavior\WriteHtmlCacheBehavior [ RunTime:0.000000s ]
INFO: [ view_filter ] --END-- [ RunTime:0.000000s ]
INFO: [ app_end ] --START--
INFO: Run Behavior\ShowPageTraceBehavior [ RunTime:0.001000s ]
INFO: [ app_end ] --END-- [ RunTime:0.001000s ]

[ 2019-09-20T10:55:33+08:00 ] 127.0.0.1 /index.php?m=Admin&c=grate&a=index&menu_id=114&
INFO: [ app_init ] --START--
INFO: Run Behavior\BuildLiteBehavior [ RunTime:0.001000s ]
INFO: [ app_init ] --END-- [ RunTime:0.001000s ]
INFO: [ app_begin ] --START--
INFO: Run Behavior\ReadHtmlCacheBehavior [ RunTime:0.001000s ]
INFO: [ app_begin ] --END-- [ RunTime:0.001000s ]
SQL: SHOW COLUMNS FROM `cx_admin_role` [ RunTime:0.0080s ]
SQL: SELECT * FROM `cx_admin_role` WHERE `role_id` = 1 LIMIT 1   [ RunTime:0.0000s ]
SQL: SHOW COLUMNS FROM `cx_menu` [ RunTime:0.0060s ]
SQL: SELECT b.* FROM cx_auth AS a, cx_menu AS b WHERE a.menu_id = b.menu_id AND a. role_id='1' AND  b.module_name="Grate" and b.action_name="index" [ RunTime:0.0010s ]
SQL: SHOW COLUMNS FROM `cx_grate` [ RunTime:0.0070s ]
SQL: SELECT COUNT(*) AS tp_count FROM `cx_grate` LIMIT 1   [ RunTime:0.0000s ]
SQL: SELECT * FROM `cx_grate` ORDER BY id desc LIMIT 0,8   [ RunTime:0.0000s ]
INFO: [ view_parse ] --START--
INFO: [ template_filter ] --START--
INFO: Run Behavior\ContentReplaceBehavior [ RunTime:0.000000s ]
INFO: [ template_filter ] --END-- [ RunTime:0.000000s ]
NOTIC: [8] Undefined variable: back_htn_html D:\WWW\english_edu\Application\Runtime\Cache\Admin\1daf3a71da037ead2a662ca04c2ab6a3.php 第 49 行.
INFO: Run Behavior\ParseTemplateBehavior [ RunTime:0.021000s ]
INFO: [ view_parse ] --END-- [ RunTime:0.021000s ]
INFO: [ view_filter ] --START--
INFO: Run Behavior\WriteHtmlCacheBehavior [ RunTime:0.000000s ]
INFO: [ view_filter ] --END-- [ RunTime:0.000000s ]
INFO: [ app_end ] --START--
INFO: Run Behavior\ShowPageTraceBehavior [ RunTime:0.000000s ]
INFO: [ app_end ] --END-- [ RunTime:0.000000s ]

[ 2019-09-20T10:55:34+08:00 ] 127.0.0.1 /index.php?m=Admin&c=class&a=index&menu_id=71&
INFO: [ app_init ] --START--
INFO: Run Behavior\BuildLiteBehavior [ RunTime:0.000000s ]
INFO: [ app_init ] --END-- [ RunTime:0.000000s ]
INFO: [ app_begin ] --START--
INFO: Run Behavior\ReadHtmlCacheBehavior [ RunTime:0.000000s ]
INFO: [ app_begin ] --END-- [ RunTime:0.000000s ]
SQL: SHOW COLUMNS FROM `cx_admin_role` [ RunTime:0.0070s ]
SQL: SELECT * FROM `cx_admin_role` WHERE `role_id` = 1 LIMIT 1   [ RunTime:0.0010s ]
SQL: SHOW COLUMNS FROM `cx_menu` [ RunTime:0.0070s ]
SQL: SELECT b.* FROM cx_auth AS a, cx_menu AS b WHERE a.menu_id = b.menu_id AND a. role_id='1' AND  b.module_name="Class" and b.action_name="index" [ RunTime:0.0020s ]
SQL: SHOW COLUMNS FROM `cx_class` [ RunTime:0.0180s ]
SQL: SELECT COUNT(*) AS tp_count FROM `cx_class` LIMIT 1   [ RunTime:0.0010s ]
SQL: SELECT * FROM `cx_class` ORDER BY id desc LIMIT 0,8   [ RunTime:0.0000s ]
SQL: SHOW COLUMNS FROM `cx_grate` [ RunTime:0.0060s ]
SQL: SELECT `grate_name` FROM `cx_grate` WHERE `sort` = 8 LIMIT 1   [ RunTime:0.0000s ]
SQL: SELECT `grate_name` FROM `cx_grate` WHERE `sort` = 8 LIMIT 1   [ RunTime:0.0000s ]
SQL: SELECT `grate_name` FROM `cx_grate` WHERE `sort` = 6 LIMIT 1   [ RunTime:0.0000s ]
INFO: [ view_parse ] --START--
INFO: [ template_filter ] --START--
INFO: Run Behavior\ContentReplaceBehavior [ RunTime:0.000000s ]
INFO: [ template_filter ] --END-- [ RunTime:0.000000s ]
NOTIC: [8] Undefined variable: back_htn_html D:\WWW\english_edu\Application\Runtime\Cache\Admin\d226dc04610e76ef6af5711bccd551e3.php 第 49 行.
INFO: Run Behavior\ParseTemplateBehavior [ RunTime:0.013000s ]
INFO: [ view_parse ] --END-- [ RunTime:0.013000s ]
INFO: [ view_filter ] --START--
INFO: Run Behavior\WriteHtmlCacheBehavior [ RunTime:0.000000s ]
INFO: [ view_filter ] --END-- [ RunTime:0.000000s ]
INFO: [ app_end ] --START--
INFO: Run Behavior\ShowPageTraceBehavior [ RunTime:0.000000s ]
INFO: [ app_end ] --END-- [ RunTime:0.000000s ]

[ 2019-09-20T10:55:36+08:00 ] 127.0.0.1 /index.php?m=Admin&c=discipline&a=index&menu_id=115&
INFO: [ app_init ] --START--
INFO: Run Behavior\BuildLiteBehavior [ RunTime:0.000000s ]
INFO: [ app_init ] --END-- [ RunTime:0.001000s ]
INFO: [ app_begin ] --START--
INFO: Run Behavior\ReadHtmlCacheBehavior [ RunTime:0.000000s ]
INFO: [ app_begin ] --END-- [ RunTime:0.000000s ]
SQL: SHOW COLUMNS FROM `cx_admin_role` [ RunTime:0.0070s ]
SQL: SELECT * FROM `cx_admin_role` WHERE `role_id` = 1 LIMIT 1   [ RunTime:0.0000s ]
SQL: SHOW COLUMNS FROM `cx_menu` [ RunTime:0.0060s ]
SQL: SELECT b.* FROM cx_auth AS a, cx_menu AS b WHERE a.menu_id = b.menu_id AND a. role_id='1' AND  b.module_name="Discipline" and b.action_name="index" [ RunTime:0.0010s ]
SQL: SHOW COLUMNS FROM `cx_discipline` [ RunTime:0.0230s ]
SQL: SELECT COUNT(*) AS tp_count FROM `cx_discipline` LIMIT 1   [ RunTime:0.0010s ]
SQL: SELECT * FROM `cx_discipline` ORDER BY id desc LIMIT 0,8   [ RunTime:0.0000s ]
SQL: SHOW COLUMNS FROM `cx_grate` [ RunTime:0.0060s ]
SQL: SELECT `grate_name` FROM `cx_grate` WHERE `sort` = 8 LIMIT 1   [ RunTime:0.0000s ]
SQL: SELECT `grate_name` FROM `cx_grate` WHERE `sort` = 8 LIMIT 1   [ RunTime:0.0000s ]
SQL: SELECT `grate_name` FROM `cx_grate` WHERE `sort` = 8 LIMIT 1   [ RunTime:0.0000s ]
SQL: SELECT `grate_name` FROM `cx_grate` WHERE `sort` = 6 LIMIT 1   [ RunTime:0.0000s ]
SQL: SELECT `grate_name` FROM `cx_grate` WHERE `sort` = 9 LIMIT 1   [ RunTime:0.0000s ]
INFO: [ view_parse ] --START--
INFO: [ template_filter ] --START--
INFO: Run Behavior\ContentReplaceBehavior [ RunTime:0.000000s ]
INFO: [ template_filter ] --END-- [ RunTime:0.000000s ]
NOTIC: [8] Undefined variable: back_htn_html D:\WWW\english_edu\Application\Runtime\Cache\Admin\dec4ac109f9b1d993aef1163e9cc41ee.php 第 49 行.
INFO: Run Behavior\ParseTemplateBehavior [ RunTime:0.011000s ]
INFO: [ view_parse ] --END-- [ RunTime:0.011000s ]
INFO: [ view_filter ] --START--
INFO: Run Behavior\WriteHtmlCacheBehavior [ RunTime:0.000000s ]
INFO: [ view_filter ] --END-- [ RunTime:0.000000s ]
INFO: [ app_end ] --START--
INFO: Run Behavior\ShowPageTraceBehavior [ RunTime:0.000000s ]
INFO: [ app_end ] --END-- [ RunTime:0.000000s ]

[ 2019-09-20T10:55:41+08:00 ] 127.0.0.1 /Admin/Discipline/ajax_save_data?branch=sort&id=6&value=23
INFO: [ app_init ] --START--
INFO: Run Behavior\BuildLiteBehavior [ RunTime:0.000000s ]
INFO: [ app_init ] --END-- [ RunTime:0.001000s ]
INFO: [ app_begin ] --START--
INFO: Run Behavior\ReadHtmlCacheBehavior [ RunTime:0.000000s ]
INFO: [ app_begin ] --END-- [ RunTime:0.000000s ]
SQL: SHOW COLUMNS FROM `cx_admin_role` [ RunTime:0.0130s ]
SQL: SELECT * FROM `cx_admin_role` WHERE `role_id` = 1 LIMIT 1   [ RunTime:0.0000s ]
SQL: SHOW COLUMNS FROM `cx_menu` [ RunTime:0.0080s ]
SQL: SELECT b.* FROM cx_auth AS a, cx_menu AS b WHERE a.menu_id = b.menu_id AND a. role_id='1' AND  b.module_name="Discipline" and b.action_name="ajax_save_data" [ RunTime:0.0000s ]
SQL: SHOW COLUMNS FROM `cx_discipline` [ RunTime:0.0070s ]
SQL: UPDATE `cx_discipline` SET `sort`='23' WHERE `id` = 6 [ RunTime:0.0270s ]

[ 2019-09-20T10:55:43+08:00 ] 127.0.0.1 /index/index.html
INFO: [ app_init ] --START--
INFO: Run Behavior\BuildLiteBehavior [ RunTime:0.000000s ]
INFO: [ app_init ] --END-- [ RunTime:0.000000s ]
INFO: [ app_begin ] --START--
INFO: Run Behavior\ReadHtmlCacheBehavior [ RunTime:0.000000s ]
INFO: [ app_begin ] --END-- [ RunTime:0.000000s ]
SQL: SHOW COLUMNS FROM `cx_admin_role` [ RunTime:0.0060s ]
SQL: SHOW COLUMNS FROM `cx_admin` [ RunTime:0.0090s ]
SQL: SELECT `admin_avatar` FROM `cx_admin` WHERE `admin_id` = 1 LIMIT 1   [ RunTime:0.0000s ]
SQL: SHOW COLUMNS FROM `cx_menu` [ RunTime:0.0090s ]
SQL: SELECT * FROM `cx_menu` WHERE `type` = 1 AND `status` = 1 ORDER BY sort  [ RunTime:0.0000s ]
INFO: [ view_parse ] --START--
INFO: [ template_filter ] --START--
INFO: Run Behavior\ContentReplaceBehavior [ RunTime:0.000000s ]
INFO: [ template_filter ] --END-- [ RunTime:0.000000s ]
INFO: Run Behavior\ParseTemplateBehavior [ RunTime:0.013000s ]
INFO: [ view_parse ] --END-- [ RunTime:0.013000s ]
INFO: [ view_filter ] --START--
INFO: Run Behavior\WriteHtmlCacheBehavior [ RunTime:0.000000s ]
INFO: [ view_filter ] --END-- [ RunTime:0.000000s ]
INFO: [ app_end ] --START--
INFO: Run Behavior\ShowPageTraceBehavior [ RunTime:0.001000s ]
INFO: [ app_end ] --END-- [ RunTime:0.001000s ]

[ 2019-09-20T10:55:44+08:00 ] 127.0.0.1 /index.php?m=Admin&c=discipline&a=index&menu_id=115&
INFO: [ app_init ] --START--
INFO: Run Behavior\BuildLiteBehavior [ RunTime:0.000000s ]
INFO: [ app_init ] --END-- [ RunTime:0.001000s ]
INFO: [ app_begin ] --START--
INFO: Run Behavior\ReadHtmlCacheBehavior [ RunTime:0.000000s ]
INFO: [ app_begin ] --END-- [ RunTime:0.002000s ]
SQL: SHOW COLUMNS FROM `cx_admin_role` [ RunTime:0.0070s ]
SQL: SELECT * FROM `cx_admin_role` WHERE `role_id` = 1 LIMIT 1   [ RunTime:0.0000s ]
SQL: SHOW COLUMNS FROM `cx_menu` [ RunTime:0.0070s ]
SQL: SELECT b.* FROM cx_auth AS a, cx_menu AS b WHERE a.menu_id = b.menu_id AND a. role_id='1' AND  b.module_name="Discipline" and b.action_name="index" [ RunTime:0.0010s ]
SQL: SHOW COLUMNS FROM `cx_discipline` [ RunTime:0.0090s ]
SQL: SELECT COUNT(*) AS tp_count FROM `cx_discipline` LIMIT 1   [ RunTime:0.0000s ]
SQL: SELECT * FROM `cx_discipline` ORDER BY id desc LIMIT 0,8   [ RunTime:0.0000s ]
SQL: SHOW COLUMNS FROM `cx_grate` [ RunTime:0.0080s ]
SQL: SELECT `grate_name` FROM `cx_grate` WHERE `sort` = 8 LIMIT 1   [ RunTime:0.0000s ]
SQL: SELECT `grate_name` FROM `cx_grate` WHERE `sort` = 8 LIMIT 1   [ RunTime:0.0010s ]
SQL: SELECT `grate_name` FROM `cx_grate` WHERE `sort` = 8 LIMIT 1   [ RunTime:0.0000s ]
SQL: SELECT `grate_name` FROM `cx_grate` WHERE `sort` = 6 LIMIT 1   [ RunTime:0.0000s ]
SQL: SELECT `grate_name` FROM `cx_grate` WHERE `sort` = 9 LIMIT 1   [ RunTime:0.0000s ]
INFO: [ view_parse ] --START--
INFO: [ template_filter ] --START--
INFO: Run Behavior\ContentReplaceBehavior [ RunTime:0.000000s ]
INFO: [ template_filter ] --END-- [ RunTime:0.000000s ]
NOTIC: [8] Undefined variable: back_htn_html D:\WWW\english_edu\Application\Runtime\Cache\Admin\dec4ac109f9b1d993aef1163e9cc41ee.php 第 49 行.
INFO: Run Behavior\ParseTemplateBehavior [ RunTime:0.007000s ]
INFO: [ view_parse ] --END-- [ RunTime:0.007000s ]
INFO: [ view_filter ] --START--
INFO: Run Behavior\WriteHtmlCacheBehavior [ RunTime:0.001000s ]
INFO: [ view_filter ] --END-- [ RunTime:0.001000s ]
INFO: [ app_end ] --START--
INFO: Run Behavior\ShowPageTraceBehavior [ RunTime:0.000000s ]
INFO: [ app_end ] --END-- [ RunTime:0.000000s ]

[ 2019-09-20T10:55:46+08:00 ] 127.0.0.1 /index.php?m=Admin&c=Award&a=index&menu_id=117&
INFO: [ app_init ] --START--
INFO: Run Behavior\BuildLiteBehavior [ RunTime:0.000000s ]
INFO: [ app_init ] --END-- [ RunTime:0.001000s ]
INFO: [ app_begin ] --START--
INFO: Run Behavior\ReadHtmlCacheBehavior [ RunTime:0.001000s ]
INFO: [ app_begin ] --END-- [ RunTime:0.001000s ]
SQL: SHOW COLUMNS FROM `cx_admin_role` [ RunTime:0.0070s ]
SQL: SELECT * FROM `cx_admin_role` WHERE `role_id` = 1 LIMIT 1   [ RunTime:0.0010s ]
SQL: SHOW COLUMNS FROM `cx_menu` [ RunTime:0.0070s ]
SQL: SELECT b.* FROM cx_auth AS a, cx_menu AS b WHERE a.menu_id = b.menu_id AND a. role_id='1' AND  b.module_name="Award" and b.action_name="index" [ RunTime:0.0010s ]
SQL: SHOW COLUMNS FROM `cx_award` [ RunTime:0.0120s ]
SQL: SHOW COLUMNS FROM `cx_admin` [ RunTime:0.0070s ]
SQL: SELECT * FROM `cx_admin` WHERE `admin_id` = 1 LIMIT 1   [ RunTime:0.0010s ]
SQL: SHOW COLUMNS FROM `cx_department` [ RunTime:0.0080s ]
SQL: SELECT * FROM `cx_department` ORDER BY sort asc  [ RunTime:0.0000s ]
SQL: SELECT COUNT(*) AS tp_count FROM `cx_award` LIMIT 1   [ RunTime:0.0010s ]
SQL: SELECT * FROM `cx_award` ORDER BY award_time desc LIMIT 0,15   [ RunTime:0.0000s ]
SQL: SELECT `department_name` FROM `cx_department` WHERE `sort` = 2 LIMIT 1   [ RunTime:0.0000s ]
SQL: SELECT `department_name` FROM `cx_department` WHERE `sort` = 2 LIMIT 1   [ RunTime:0.0000s ]
SQL: SELECT `department_name` FROM `cx_department` WHERE `sort` = 2 LIMIT 1   [ RunTime:0.0000s ]
INFO: [ view_parse ] --START--
INFO: [ template_filter ] --START--
INFO: Run Behavior\ContentReplaceBehavior [ RunTime:0.001000s ]
INFO: [ template_filter ] --END-- [ RunTime:0.001000s ]
NOTIC: [8] Undefined variable: back D:\WWW\english_edu\Application\Runtime\Cache\Admin\ade1665f5cb1d058455f0f51e0d2cd97.php 第 50 行.
NOTIC: [8] Undefined variable: award_name D:\WWW\english_edu\Application\Runtime\Cache\Admin\ade1665f5cb1d058455f0f51e0d2cd97.php 第 67 行.
NOTIC: [8] Undefined variable: is_pt D:\WWW\english_edu\Application\Runtime\Cache\Admin\ade1665f5cb1d058455f0f51e0d2cd97.php 第 69 行.
NOTIC: [8] Undefined variable: username D:\WWW\english_edu\Application\Runtime\Cache\Admin\ade1665f5cb1d058455f0f51e0d2cd97.php 第 69 行.
NOTIC: [8] Undefined variable: is_ids D:\WWW\english_edu\Application\Runtime\Cache\Admin\ade1665f5cb1d058455f0f51e0d2cd97.php 第 73 行.
NOTIC: [8] Undefined variable: de_id D:\WWW\english_edu\Application\Runtime\Cache\Admin\ade1665f5cb1d058455f0f51e0d2cd97.php 第 75 行.
NOTIC: [8] Undefined variable: de_id D:\WWW\english_edu\Application\Runtime\Cache\Admin\ade1665f5cb1d058455f0f51e0d2cd97.php 第 75 行.
NOTIC: [8] Undefined variable: de_id D:\WWW\english_edu\Application\Runtime\Cache\Admin\ade1665f5cb1d058455f0f51e0d2cd97.php 第 75 行.
NOTIC: [8] Undefined variable: de_id D:\WWW\english_edu\Application\Runtime\Cache\Admin\ade1665f5cb1d058455f0f51e0d2cd97.php 第 75 行.
NOTIC: [8] Undefined variable: de_id D:\WWW\english_edu\Application\Runtime\Cache\Admin\ade1665f5cb1d058455f0f51e0d2cd97.php 第 75 行.
NOTIC: [8] Undefined variable: de_id D:\WWW\english_edu\Application\Runtime\Cache\Admin\ade1665f5cb1d058455f0f51e0d2cd97.php 第 75 行.
NOTIC: [8] Undefined variable: de_id D:\WWW\english_edu\Application\Runtime\Cache\Admin\ade1665f5cb1d058455f0f51e0d2cd97.php 第 75 行.
NOTIC: [8] Undefined variable: de_id D:\WWW\english_edu\Application\Runtime\Cache\Admin\ade1665f5cb1d058455f0f51e0d2cd97.php 第 75 行.
NOTIC: [8] Undefined variable: start_time D:\WWW\english_edu\Application\Runtime\Cache\Admin\ade1665f5cb1d058455f0f51e0d2cd97.php 第 79 行.
NOTIC: [8] Undefined variable: end_time D:\WWW\english_edu\Application\Runtime\Cache\Admin\ade1665f5cb1d058455f0f51e0d2cd97.php 第 81 行.
INFO: Run Behavior\ParseTemplateBehavior [ RunTime:0.023000s ]
INFO: [ view_parse ] --END-- [ RunTime:0.023000s ]
INFO: [ view_filter ] --START--
INFO: Run Behavior\WriteHtmlCacheBehavior [ RunTime:0.000000s ]
INFO: [ view_filter ] --END-- [ RunTime:0.000000s ]
INFO: [ app_end ] --START--
INFO: Run Behavior\ShowPageTraceBehavior [ RunTime:0.000000s ]
INFO: [ app_end ] --END-- [ RunTime:0.000000s ]

[ 2019-09-20T10:55:52+08:00 ] 127.0.0.1 /index.php/Award/importImage/id/3.html
INFO: [ app_init ] --START--
INFO: Run Behavior\BuildLiteBehavior [ RunTime:0.000000s ]
INFO: [ app_init ] --END-- [ RunTime:0.000000s ]
INFO: [ app_begin ] --START--
INFO: Run Behavior\ReadHtmlCacheBehavior [ RunTime:0.001000s ]
INFO: [ app_begin ] --END-- [ RunTime:0.001000s ]
SQL: SHOW COLUMNS FROM `cx_admin_role` [ RunTime:0.0110s ]
SQL: SELECT * FROM `cx_admin_role` WHERE `role_id` = 1 LIMIT 1   [ RunTime:0.0000s ]
SQL: SHOW COLUMNS FROM `cx_menu` [ RunTime:0.0060s ]
SQL: SELECT b.* FROM cx_auth AS a, cx_menu AS b WHERE a.menu_id = b.menu_id AND a. role_id='1' AND  b.module_name="Award" and b.action_name="importImage" [ RunTime:0.0010s ]
SQL: SHOW COLUMNS FROM `cx_award_images` [ RunTime:0.0080s ]
SQL: SELECT * FROM `cx_award_images` WHERE `award_id` = 3  [ RunTime:0.0010s ]
SQL: SHOW COLUMNS FROM `cx_award` [ RunTime:0.0070s ]
SQL: SELECT * FROM `cx_award` WHERE `id` = 3 LIMIT 1   [ RunTime:0.0020s ]
INFO: [ app_end ] --START--
INFO: Run Behavior\ShowPageTraceBehavior [ RunTime:0.000000s ]
INFO: [ app_end ] --END-- [ RunTime:0.000000s ]

[ 2019-09-20T10:56:19+08:00 ] 127.0.0.1 /index.php/Award/index.html
INFO: [ app_init ] --START--
INFO: Run Behavior\BuildLiteBehavior [ RunTime:0.000000s ]
INFO: [ app_init ] --END-- [ RunTime:0.001000s ]
INFO: [ app_begin ] --START--
INFO: Run Behavior\ReadHtmlCacheBehavior [ RunTime:0.001000s ]
INFO: [ app_begin ] --END-- [ RunTime:0.001000s ]
SQL: SHOW COLUMNS FROM `cx_admin_role` [ RunTime:0.0140s ]
SQL: SELECT * FROM `cx_admin_role` WHERE `role_id` = 1 LIMIT 1   [ RunTime:0.0020s ]
SQL: SHOW COLUMNS FROM `cx_menu` [ RunTime:0.0070s ]
SQL: SELECT b.* FROM cx_auth AS a, cx_menu AS b WHERE a.menu_id = b.menu_id AND a. role_id='1' AND  b.module_name="Award" and b.action_name="index" [ RunTime:0.0000s ]
SQL: SHOW COLUMNS FROM `cx_award` [ RunTime:0.0080s ]
SQL: SHOW COLUMNS FROM `cx_admin` [ RunTime:0.0100s ]
SQL: SELECT * FROM `cx_admin` WHERE `admin_id` = 1 LIMIT 1   [ RunTime:0.0020s ]
SQL: SHOW COLUMNS FROM `cx_department` [ RunTime:0.0080s ]
SQL: SELECT * FROM `cx_department` ORDER BY sort asc  [ RunTime:0.0010s ]
SQL: SELECT COUNT(*) AS tp_count FROM `cx_award` LIMIT 1   [ RunTime:0.0010s ]
SQL: SELECT * FROM `cx_award` ORDER BY award_time desc LIMIT 0,15   [ RunTime:0.0000s ]
SQL: SELECT `department_name` FROM `cx_department` WHERE `sort` = 2 LIMIT 1   [ RunTime:0.0000s ]
SQL: SELECT `department_name` FROM `cx_department` WHERE `sort` = 2 LIMIT 1   [ RunTime:0.0000s ]
SQL: SELECT `department_name` FROM `cx_department` WHERE `sort` = 2 LIMIT 1   [ RunTime:0.0000s ]
INFO: [ view_parse ] --START--
INFO: [ template_filter ] --START--
INFO: Run Behavior\ContentReplaceBehavior [ RunTime:0.000000s ]
INFO: [ template_filter ] --END-- [ RunTime:0.000000s ]
NOTIC: [8] Undefined variable: back D:\WWW\english_edu\Application\Runtime\Cache\Admin\ade1665f5cb1d058455f0f51e0d2cd97.php 第 50 行.
NOTIC: [8] Undefined variable: award_name D:\WWW\english_edu\Application\Runtime\Cache\Admin\ade1665f5cb1d058455f0f51e0d2cd97.php 第 67 行.
NOTIC: [8] Undefined variable: is_pt D:\WWW\english_edu\Application\Runtime\Cache\Admin\ade1665f5cb1d058455f0f51e0d2cd97.php 第 69 行.
NOTIC: [8] Undefined variable: username D:\WWW\english_edu\Application\Runtime\Cache\Admin\ade1665f5cb1d058455f0f51e0d2cd97.php 第 69 行.
NOTIC: [8] Undefined variable: is_ids D:\WWW\english_edu\Application\Runtime\Cache\Admin\ade1665f5cb1d058455f0f51e0d2cd97.php 第 73 行.
NOTIC: [8] Undefined variable: de_id D:\WWW\english_edu\Application\Runtime\Cache\Admin\ade1665f5cb1d058455f0f51e0d2cd97.php 第 75 行.
NOTIC: [8] Undefined variable: de_id D:\WWW\english_edu\Application\Runtime\Cache\Admin\ade1665f5cb1d058455f0f51e0d2cd97.php 第 75 行.
NOTIC: [8] Undefined variable: de_id D:\WWW\english_edu\Application\Runtime\Cache\Admin\ade1665f5cb1d058455f0f51e0d2cd97.php 第 75 行.
NOTIC: [8] Undefined variable: de_id D:\WWW\english_edu\Application\Runtime\Cache\Admin\ade1665f5cb1d058455f0f51e0d2cd97.php 第 75 行.
NOTIC: [8] Undefined variable: de_id D:\WWW\english_edu\Application\Runtime\Cache\Admin\ade1665f5cb1d058455f0f51e0d2cd97.php 第 75 行.
NOTIC: [8] Undefined variable: de_id D:\WWW\english_edu\Application\Runtime\Cache\Admin\ade1665f5cb1d058455f0f51e0d2cd97.php 第 75 行.
NOTIC: [8] Undefined variable: de_id D:\WWW\english_edu\Application\Runtime\Cache\Admin\ade1665f5cb1d058455f0f51e0d2cd97.php 第 75 行.
NOTIC: [8] Undefined variable: de_id D:\WWW\english_edu\Application\Runtime\Cache\Admin\ade1665f5cb1d058455f0f51e0d2cd97.php 第 75 行.
NOTIC: [8] Undefined variable: start_time D:\WWW\english_edu\Application\Runtime\Cache\Admin\ade1665f5cb1d058455f0f51e0d2cd97.php 第 79 行.
NOTIC: [8] Undefined variable: end_time D:\WWW\english_edu\Application\Runtime\Cache\Admin\ade1665f5cb1d058455f0f51e0d2cd97.php 第 81 行.
INFO: Run Behavior\ParseTemplateBehavior [ RunTime:0.015000s ]
INFO: [ view_parse ] --END-- [ RunTime:0.015000s ]
INFO: [ view_filter ] --START--
INFO: Run Behavior\WriteHtmlCacheBehavior [ RunTime:0.000000s ]
INFO: [ view_filter ] --END-- [ RunTime:0.000000s ]
INFO: [ app_end ] --START--
INFO: Run Behavior\ShowPageTraceBehavior [ RunTime:0.000000s ]
INFO: [ app_end ] --END-- [ RunTime:0.000000s ]

[ 2019-09-20T10:56:21+08:00 ] 127.0.0.1 /index.php/Award/index.html
INFO: [ app_init ] --START--
INFO: Run Behavior\BuildLiteBehavior [ RunTime:0.000000s ]
INFO: [ app_init ] --END-- [ RunTime:0.000000s ]
INFO: [ app_begin ] --START--
INFO: Run Behavior\ReadHtmlCacheBehavior [ RunTime:0.000000s ]
INFO: [ app_begin ] --END-- [ RunTime:0.000000s ]
SQL: SHOW COLUMNS FROM `cx_admin_role` [ RunTime:0.0080s ]
SQL: SELECT * FROM `cx_admin_role` WHERE `role_id` = 1 LIMIT 1   [ RunTime:0.0000s ]
SQL: SHOW COLUMNS FROM `cx_menu` [ RunTime:0.0080s ]
SQL: SELECT b.* FROM cx_auth AS a, cx_menu AS b WHERE a.menu_id = b.menu_id AND a. role_id='1' AND  b.module_name="Award" and b.action_name="index" [ RunTime:0.0000s ]
SQL: SHOW COLUMNS FROM `cx_award` [ RunTime:0.0060s ]
SQL: SHOW COLUMNS FROM `cx_admin` [ RunTime:0.0080s ]
SQL: SELECT * FROM `cx_admin` WHERE `admin_id` = 1 LIMIT 1   [ RunTime:0.0010s ]
SQL: SHOW COLUMNS FROM `cx_department` [ RunTime:0.0060s ]
SQL: SELECT * FROM `cx_department` ORDER BY sort asc  [ RunTime:0.0000s ]
SQL: SELECT COUNT(*) AS tp_count FROM `cx_award` LIMIT 1   [ RunTime:0.0000s ]
SQL: SELECT * FROM `cx_award` ORDER BY award_time desc LIMIT 0,15   [ RunTime:0.0000s ]
SQL: SELECT `department_name` FROM `cx_department` WHERE `sort` = 2 LIMIT 1   [ RunTime:0.0000s ]
SQL: SELECT `department_name` FROM `cx_department` WHERE `sort` = 2 LIMIT 1   [ RunTime:0.0000s ]
SQL: SELECT `department_name` FROM `cx_department` WHERE `sort` = 2 LIMIT 1   [ RunTime:0.0000s ]
INFO: [ view_parse ] --START--
INFO: [ template_filter ] --START--
INFO: Run Behavior\ContentReplaceBehavior [ RunTime:0.000000s ]
INFO: [ template_filter ] --END-- [ RunTime:0.000000s ]
NOTIC: [8] Undefined variable: back D:\WWW\english_edu\Application\Runtime\Cache\Admin\ade1665f5cb1d058455f0f51e0d2cd97.php 第 50 行.
NOTIC: [8] Undefined variable: award_name D:\WWW\english_edu\Application\Runtime\Cache\Admin\ade1665f5cb1d058455f0f51e0d2cd97.php 第 67 行.
NOTIC: [8] Undefined variable: is_pt D:\WWW\english_edu\Application\Runtime\Cache\Admin\ade1665f5cb1d058455f0f51e0d2cd97.php 第 69 行.
NOTIC: [8] Undefined variable: username D:\WWW\english_edu\Application\Runtime\Cache\Admin\ade1665f5cb1d058455f0f51e0d2cd97.php 第 69 行.
NOTIC: [8] Undefined variable: is_ids D:\WWW\english_edu\Application\Runtime\Cache\Admin\ade1665f5cb1d058455f0f51e0d2cd97.php 第 73 行.
NOTIC: [8] Undefined variable: de_id D:\WWW\english_edu\Application\Runtime\Cache\Admin\ade1665f5cb1d058455f0f51e0d2cd97.php 第 75 行.
NOTIC: [8] Undefined variable: de_id D:\WWW\english_edu\Application\Runtime\Cache\Admin\ade1665f5cb1d058455f0f51e0d2cd97.php 第 75 行.
NOTIC: [8] Undefined variable: de_id D:\WWW\english_edu\Application\Runtime\Cache\Admin\ade1665f5cb1d058455f0f51e0d2cd97.php 第 75 行.
NOTIC: [8] Undefined variable: de_id D:\WWW\english_edu\Application\Runtime\Cache\Admin\ade1665f5cb1d058455f0f51e0d2cd97.php 第 75 行.
NOTIC: [8] Undefined variable: de_id D:\WWW\english_edu\Application\Runtime\Cache\Admin\ade1665f5cb1d058455f0f51e0d2cd97.php 第 75 行.
NOTIC: [8] Undefined variable: de_id D:\WWW\english_edu\Application\Runtime\Cache\Admin\ade1665f5cb1d058455f0f51e0d2cd97.php 第 75 行.
NOTIC: [8] Undefined variable: de_id D:\WWW\english_edu\Application\Runtime\Cache\Admin\ade1665f5cb1d058455f0f51e0d2cd97.php 第 75 行.
NOTIC: [8] Undefined variable: de_id D:\WWW\english_edu\Application\Runtime\Cache\Admin\ade1665f5cb1d058455f0f51e0d2cd97.php 第 75 行.
NOTIC: [8] Undefined variable: start_time D:\WWW\english_edu\Application\Runtime\Cache\Admin\ade1665f5cb1d058455f0f51e0d2cd97.php 第 79 行.
NOTIC: [8] Undefined variable: end_time D:\WWW\english_edu\Application\Runtime\Cache\Admin\ade1665f5cb1d058455f0f51e0d2cd97.php 第 81 行.
INFO: Run Behavior\ParseTemplateBehavior [ RunTime:0.016000s ]
INFO: [ view_parse ] --END-- [ RunTime:0.016000s ]
INFO: [ view_filter ] --START--
INFO: Run Behavior\WriteHtmlCacheBehavior [ RunTime:0.001000s ]
INFO: [ view_filter ] --END-- [ RunTime:0.001000s ]
INFO: [ app_end ] --START--
INFO: Run Behavior\ShowPageTraceBehavior [ RunTime:0.001000s ]
INFO: [ app_end ] --END-- [ RunTime:0.001000s ]

[ 2019-09-20T10:56:21+08:00 ] 127.0.0.1 /index.php/Award/index.html
INFO: [ app_init ] --START--
INFO: Run Behavior\BuildLiteBehavior [ RunTime:0.000000s ]
INFO: [ app_init ] --END-- [ RunTime:0.000000s ]
INFO: [ app_begin ] --START--
INFO: Run Behavior\ReadHtmlCacheBehavior [ RunTime:0.000000s ]
INFO: [ app_begin ] --END-- [ RunTime:0.000000s ]
SQL: SHOW COLUMNS FROM `cx_admin_role` [ RunTime:0.0090s ]
SQL: SELECT * FROM `cx_admin_role` WHERE `role_id` = 1 LIMIT 1   [ RunTime:0.0010s ]
SQL: SHOW COLUMNS FROM `cx_menu` [ RunTime:0.0110s ]
SQL: SELECT b.* FROM cx_auth AS a, cx_menu AS b WHERE a.menu_id = b.menu_id AND a. role_id='1' AND  b.module_name="Award" and b.action_name="index" [ RunTime:0.0010s ]
SQL: SHOW COLUMNS FROM `cx_award` [ RunTime:0.0080s ]
SQL: SHOW COLUMNS FROM `cx_admin` [ RunTime:0.0110s ]
SQL: SELECT * FROM `cx_admin` WHERE `admin_id` = 1 LIMIT 1   [ RunTime:0.0010s ]
SQL: SHOW COLUMNS FROM `cx_department` [ RunTime:0.0080s ]
SQL: SELECT * FROM `cx_department` ORDER BY sort asc  [ RunTime:0.0000s ]
SQL: SELECT COUNT(*) AS tp_count FROM `cx_award` LIMIT 1   [ RunTime:0.0000s ]
SQL: SELECT * FROM `cx_award` ORDER BY award_time desc LIMIT 0,15   [ RunTime:0.0010s ]
SQL: SELECT `department_name` FROM `cx_department` WHERE `sort` = 2 LIMIT 1   [ RunTime:0.0000s ]
SQL: SELECT `department_name` FROM `cx_department` WHERE `sort` = 2 LIMIT 1   [ RunTime:0.0010s ]
SQL: SELECT `department_name` FROM `cx_department` WHERE `sort` = 2 LIMIT 1   [ RunTime:0.0000s ]
INFO: [ view_parse ] --START--
INFO: [ template_filter ] --START--
INFO: Run Behavior\ContentReplaceBehavior [ RunTime:0.000000s ]
INFO: [ template_filter ] --END-- [ RunTime:0.000000s ]
NOTIC: [8] Undefined variable: back D:\WWW\english_edu\Application\Runtime\Cache\Admin\ade1665f5cb1d058455f0f51e0d2cd97.php 第 50 行.
NOTIC: [8] Undefined variable: award_name D:\WWW\english_edu\Application\Runtime\Cache\Admin\ade1665f5cb1d058455f0f51e0d2cd97.php 第 67 行.
NOTIC: [8] Undefined variable: is_pt D:\WWW\english_edu\Application\Runtime\Cache\Admin\ade1665f5cb1d058455f0f51e0d2cd97.php 第 69 行.
NOTIC: [8] Undefined variable: username D:\WWW\english_edu\Application\Runtime\Cache\Admin\ade1665f5cb1d058455f0f51e0d2cd97.php 第 69 行.
NOTIC: [8] Undefined variable: is_ids D:\WWW\english_edu\Application\Runtime\Cache\Admin\ade1665f5cb1d058455f0f51e0d2cd97.php 第 73 行.
NOTIC: [8] Undefined variable: de_id D:\WWW\english_edu\Application\Runtime\Cache\Admin\ade1665f5cb1d058455f0f51e0d2cd97.php 第 75 行.
NOTIC: [8] Undefined variable: de_id D:\WWW\english_edu\Application\Runtime\Cache\Admin\ade1665f5cb1d058455f0f51e0d2cd97.php 第 75 行.
NOTIC: [8] Undefined variable: de_id D:\WWW\english_edu\Application\Runtime\Cache\Admin\ade1665f5cb1d058455f0f51e0d2cd97.php 第 75 行.
NOTIC: [8] Undefined variable: de_id D:\WWW\english_edu\Application\Runtime\Cache\Admin\ade1665f5cb1d058455f0f51e0d2cd97.php 第 75 行.
NOTIC: [8] Undefined variable: de_id D:\WWW\english_edu\Application\Runtime\Cache\Admin\ade1665f5cb1d058455f0f51e0d2cd97.php 第 75 行.
NOTIC: [8] Undefined variable: de_id D:\WWW\english_edu\Application\Runtime\Cache\Admin\ade1665f5cb1d058455f0f51e0d2cd97.php 第 75 行.
NOTIC: [8] Undefined variable: de_id D:\WWW\english_edu\Application\Runtime\Cache\Admin\ade1665f5cb1d058455f0f51e0d2cd97.php 第 75 行.
NOTIC: [8] Undefined variable: de_id D:\WWW\english_edu\Application\Runtime\Cache\Admin\ade1665f5cb1d058455f0f51e0d2cd97.php 第 75 行.
NOTIC: [8] Undefined variable: start_time D:\WWW\english_edu\Application\Runtime\Cache\Admin\ade1665f5cb1d058455f0f51e0d2cd97.php 第 79 行.
NOTIC: [8] Undefined variable: end_time D:\WWW\english_edu\Application\Runtime\Cache\Admin\ade1665f5cb1d058455f0f51e0d2cd97.php 第 81 行.
INFO: Run Behavior\ParseTemplateBehavior [ RunTime:0.012000s ]
INFO: [ view_parse ] --END-- [ RunTime:0.012000s ]
INFO: [ view_filter ] --START--
INFO: Run Behavior\WriteHtmlCacheBehavior [ RunTime:0.001000s ]
INFO: [ view_filter ] --END-- [ RunTime:0.001000s ]
INFO: [ app_end ] --START--
INFO: Run Behavior\ShowPageTraceBehavior [ RunTime:0.001000s ]
INFO: [ app_end ] --END-- [ RunTime:0.001000s ]

